[01:38:09] [main] [Database] ERROR - Database connection failed.
com.rethinkdb.gen.exc.ReqlDriverError: Connection timed out.
	at com.rethinkdb.net.SocketWrapper.connect(SocketWrapper.java:91)
	at com.rethinkdb.net.Connection.connect(Connection.java:100)
	at com.rethinkdb.net.Connection.reconnect(Connection.java:94)
	at com.rethinkdb.net.Connection.reconnect(Connection.java:83)
	at com.rethinkdb.net.Connection$Builder.connect(Connection.java:422)
	at xyz.gnarbot.gnar.db.Database.<init>(Database.java:25)
	at xyz.gnarbot.gnar.Bot.<clinit>(Bot.java:36)
Caused by: java.net.ConnectException: Connection refused: connect
	at java.net.DualStackPlainSocketImpl.connect0(Native Method)
	at java.net.DualStackPlainSocketImpl.socketConnect(DualStackPlainSocketImpl.java:79)
	at java.net.AbstractPlainSocketImpl.doConnect(AbstractPlainSocketImpl.java:350)
	at java.net.AbstractPlainSocketImpl.connectToAddress(AbstractPlainSocketImpl.java:206)
	at java.net.AbstractPlainSocketImpl.connect(AbstractPlainSocketImpl.java:188)
	at java.net.PlainSocketImpl.connect(PlainSocketImpl.java:172)
	at java.net.SocksSocketImpl.connect(SocksSocketImpl.java:392)
	at java.net.Socket.connect(Socket.java:589)
	at com.rethinkdb.net.SocketWrapper.connect(SocketWrapper.java:53)
	... 6 common frames omitted
